<?xml version="1.0" encoding="UTF-8"?>
<!-- Generated by org.testng.reporters.JUnitReportReporter -->
<testsuite skipped="0" hostname="Vikas-PC" name="AutomationFramework.GoogleAnalytics" tests="1" failures="0" timestamp="2019-12-13T18:25:52 IST" time="29.286" errors="0">
  <testcase name="f" time="29.286" classname="AutomationFramework.GoogleAnalytics"/>
</testsuite> <!-- AutomationFramework.GoogleAnalytics -->
