<?xml version="1.0" encoding="UTF-8"?>
<!-- Generated by org.testng.reporters.JUnitReportReporter -->
<testsuite skipped="0" hostname="Vikas-PC" name="AutomationFramework.Facebook" tests="1" failures="0" timestamp="2019-11-27T14:07:36 IST" time="28.357" errors="0">
  <testcase name="f" time="28.357" classname="AutomationFramework.Facebook"/>
</testsuite> <!-- AutomationFramework.Facebook -->
