<?xml version="1.0" encoding="UTF-8"?>
<!-- Generated by org.testng.reporters.JUnitReportReporter -->
<testsuite skipped="0" hostname="Vikas-PC" name="AutomationFramework.Grouping" tests="5" failures="0" timestamp="2019-11-26T19:10:15 IST" time="72.471" errors="0">
  <testcase name="Case4" time="14.144" classname="AutomationFramework.Grouping"/>
  <testcase name="Case3" time="13.893" classname="AutomationFramework.Grouping"/>
  <testcase name="Case2" time="17.223" classname="AutomationFramework.Grouping"/>
  <testcase name="Case1" time="11.367" classname="AutomationFramework.Grouping"/>
  <testcase name="Case5" time="15.844" classname="AutomationFramework.Grouping"/>
</testsuite> <!-- AutomationFramework.Grouping -->
