<?xml version="1.0" encoding="UTF-8"?>
<!-- Generated by org.testng.reporters.JUnitReportReporter -->
<testsuite skipped="1" hostname="Vikas-PC" name="TestNGData.LoginTest" tests="1" failures="0" timestamp="2019-11-26T12:41:52 IST" time="0.000" errors="0">
  <testcase name="loginTest" time="0.000" classname="TestNGData.LoginTest">
    <skipped/>
  </testcase> <!-- loginTest -->
</testsuite> <!-- TestNGData.LoginTest -->
