<?xml version="1.0" encoding="UTF-8"?>
<!-- Generated by org.testng.reporters.JUnitReportReporter -->
<testsuite skipped="0" hostname="Vikas-PC" name="AutomationFramework.Scroll" tests="2" failures="0" timestamp="2020-01-07T17:35:04 IST" time="39.325" errors="0">
  <testcase name="f1" time="27.202" classname="AutomationFramework.Scroll"/>
  <testcase name="f2" time="12.123" classname="AutomationFramework.Scroll"/>
</testsuite> <!-- AutomationFramework.Scroll -->
