<?xml version="1.0" encoding="UTF-8"?>
<!-- Generated by org.testng.reporters.JUnitReportReporter -->
<testsuite skipped="0" hostname="Vikas-PC" name="AutomationFramework.report_functionality" tests="4" failures="0" timestamp="2020-01-23T17:56:06 IST" time="118.531" errors="0">
  <testcase name="report_argument" time="21.220" classname="AutomationFramework.report_functionality"/>
  <testcase name="report_debate" time="16.800" classname="AutomationFramework.report_functionality"/>
  <testcase name="login" time="30.145" classname="AutomationFramework.report_functionality"/>
  <testcase name="check_reportpopup_blankfields" time="50.366" classname="AutomationFramework.report_functionality"/>
</testsuite> <!-- AutomationFramework.report_functionality -->
