<?xml version="1.0" encoding="UTF-8"?>
<!-- Generated by org.testng.reporters.JUnitReportReporter -->
<testsuite skipped="0" hostname="Vikas-PC" name="AutomationFramework.SettingPage" tests="11" failures="0" timestamp="2020-01-23T17:56:06 IST" time="447.769" errors="0">
  <testcase name="mismatch_passwords_on_settings_page" time="21.728" classname="AutomationFramework.SettingPage"/>
  <testcase name="save_blankfields_on_settings_page" time="16.299" classname="AutomationFramework.SettingPage"/>
  <testcase name="email_validation_on_settings_page" time="69.848" classname="AutomationFramework.SettingPage"/>
  <testcase name="Namelimit_on_settings_page" time="23.825" classname="AutomationFramework.SettingPage"/>
  <testcase name="UserNamelimit_on_settings_page" time="41.355" classname="AutomationFramework.SettingPage"/>
  <testcase name="username_validation_on_settings_page" time="49.457" classname="AutomationFramework.SettingPage"/>
  <testcase name="password_limit_on_settings_page" time="28.007" classname="AutomationFramework.SettingPage"/>
  <testcase name="incorrect_oldpassword_on_settings_page" time="34.109" classname="AutomationFramework.SettingPage"/>
  <testcase name="reset_password_on_settings_page" time="85.491" classname="AutomationFramework.SettingPage"/>
  <testcase name="valid_password_on_settings_page" time="31.854" classname="AutomationFramework.SettingPage"/>
  <testcase name="login" time="45.796" classname="AutomationFramework.SettingPage"/>
</testsuite> <!-- AutomationFramework.SettingPage -->
