<?xml version="1.0" encoding="UTF-8"?>
<!-- Generated by org.testng.reporters.JUnitReportReporter -->
<testsuite skipped="0" hostname="Vikas-PC" name="Guru99.MouseClickKeyboardEvent" tests="2" failures="0" timestamp="2019-11-26T17:57:04 IST" time="20.241" errors="0">
  <testcase name="dragdrop" time="6.875" classname="Guru99.MouseClickKeyboardEvent"/>
  <testcase name="draganddropby" time="13.366" classname="Guru99.MouseClickKeyboardEvent"/>
</testsuite> <!-- Guru99.MouseClickKeyboardEvent -->
