<?xml version="1.0" encoding="UTF-8"?>
<!-- Generated by org.testng.reporters.JUnitReportReporter -->
<testsuite skipped="0" hostname="Vikas-PC" name="Guru99.MouseClick" tests="5" failures="0" timestamp="2019-11-29T17:18:14 IST" time="47.414" errors="0">
  <testcase name="main" time="8.410" classname="Guru99.MouseClick"/>
  <testcase name="draganddropby" time="12.581" classname="Guru99.MouseClick"/>
  <testcase name="dragdrop" time="6.881" classname="Guru99.MouseClick"/>
  <testcase name="mousehover" time="9.129" classname="Guru99.MouseClick"/>
  <testcase name="tooltip" time="10.413" classname="Guru99.MouseClick"/>
</testsuite> <!-- Guru99.MouseClick -->
