<?xml version="1.0" encoding="UTF-8"?>
<!-- Generated by org.testng.reporters.JUnitReportReporter -->
<testsuite skipped="0" hostname="Vikas-PC" name="AutomationFramework.like_Argument" tests="4" failures="0" timestamp="2019-12-30T14:25:26 IST" time="62.109" errors="0">
  <testcase name="like_comment" time="6.400" classname="AutomationFramework.like_Argument"/>
  <testcase name="unlike_comment" time="4.065" classname="AutomationFramework.like_Argument"/>
  <testcase name="unlike_Argument" time="4.090" classname="AutomationFramework.like_Argument"/>
  <testcase name="like_Arg" time="47.554" classname="AutomationFramework.like_Argument"/>
</testsuite> <!-- AutomationFramework.like_Argument -->
