<?xml version="1.0" encoding="UTF-8"?>
<!-- Generated by org.testng.reporters.JUnitReportReporter -->
<testsuite skipped="2" hostname="Vikas-PC" name="AutomationFramework.pre_login_functionality" tests="12" failures="0" timestamp="2020-01-23T17:56:06 IST" time="551.367" errors="0">
  <testcase name="prelogin_commentslider_close" time="44.317" classname="AutomationFramework.pre_login_functionality"/>
  <testcase name="prelogin_startdebate" time="66.764" classname="AutomationFramework.pre_login_functionality"/>
  <testcase name="prelogin_report_on_debate" time="43.251" classname="AutomationFramework.pre_login_functionality"/>
  <testcase name="prelogin_argument_closebutton" time="51.323" classname="AutomationFramework.pre_login_functionality"/>
  <testcase name="prelogin_debatereport_closebutton" time="34.613" classname="AutomationFramework.pre_login_functionality"/>
  <testcase name="prelogin_commentslider_close" time="35.846" classname="AutomationFramework.pre_login_functionality">
    <skipped/>
  </testcase> <!-- prelogin_commentslider_close -->
  <testcase name="prelogin_report_on_debate" time="31.131" classname="AutomationFramework.pre_login_functionality">
    <skipped/>
  </testcase> <!-- prelogin_report_on_debate -->
  <testcase name="prelogin_report_on_arg" time="49.415" classname="AutomationFramework.pre_login_functionality"/>
  <testcase name="prelogin_argumentreport_closebutton" time="51.112" classname="AutomationFramework.pre_login_functionality"/>
  <testcase name="prelogin_comment_post" time="43.971" classname="AutomationFramework.pre_login_functionality"/>
  <testcase name="prelogin_argument_post" time="66.948" classname="AutomationFramework.pre_login_functionality"/>
  <testcase name="prelogin_startdebate_closebutton" time="32.676" classname="AutomationFramework.pre_login_functionality"/>
</testsuite> <!-- AutomationFramework.pre_login_functionality -->
