<?xml version="1.0" encoding="UTF-8"?>
<!-- Generated by org.testng.reporters.JUnitReportReporter -->
<testsuite skipped="1" hostname="Vikas-PC" name="TestNG.DataProviderWithExcel_001" tests="1" failures="0" timestamp="2019-10-30T12:49:29 IST" time="0.000" errors="0">
  <testcase name="Registration_data" time="0.000" classname="TestNG.DataProviderWithExcel_001">
    <skipped/>
  </testcase> <!-- Registration_data -->
</testsuite> <!-- TestNG.DataProviderWithExcel_001 -->
