<?xml version="1.0" encoding="UTF-8"?>
<!-- Generated by org.testng.reporters.JUnitReportReporter -->
<testsuite skipped="1" hostname="Vikas-PC" name="TestNG.Addproduct" tests="1" failures="0" timestamp="2019-12-10T13:57:21 IST" time="0.000" errors="0">
  <testcase name="AddVariants" time="0.000" classname="TestNG.Addproduct">
    <skipped/>
  </testcase> <!-- AddVariants -->
</testsuite> <!-- TestNG.Addproduct -->
