<?xml version="1.0" encoding="UTF-8"?>
<!-- Generated by org.testng.reporters.JUnitReportReporter -->
<testsuite skipped="0" hostname="Vikas-PC" name="TestNG.TestListener" tests="1" failures="0" timestamp="2019-11-15T12:33:17 IST" time="19.146" errors="0">
  <testcase name="main" time="19.146" classname="TestNG.TestListener"/>
</testsuite> <!-- TestNG.TestListener -->
