<?xml version="1.0" encoding="UTF-8"?>
<!-- Generated by org.testng.reporters.JUnitReportReporter -->
<testsuite skipped="0" hostname="Vikas-PC" name="Guru99.RobotClass" tests="2" failures="0" timestamp="2019-12-11T17:00:50 IST" time="59.220" errors="0">
  <testcase name="uploadprofile" time="34.488" classname="Guru99.RobotClass"/>
  <testcase name="Loginuser" time="24.732" classname="Guru99.RobotClass"/>
</testsuite> <!-- Guru99.RobotClass -->
