<?xml version="1.0" encoding="UTF-8"?>
<!-- Generated by org.testng.reporters.JUnitReportReporter -->
<testsuite skipped="0" hostname="Vikas-PC" name="AutomationFramework.moderation_queue" tests="2" failures="0" timestamp="2020-01-23T17:56:06 IST" time="224.703" errors="0">
  <testcase name="login" time="26.750" classname="AutomationFramework.moderation_queue"/>
  <testcase name="moderation_functionality" time="197.953" classname="AutomationFramework.moderation_queue"/>
</testsuite> <!-- AutomationFramework.moderation_queue -->
