<?xml version="1.0" encoding="UTF-8"?>
<!-- Generated by org.testng.reporters.JUnitReportReporter -->
<testsuite skipped="0" hostname="Vikas-PC" name="TestNG.DataProviderTest" tests="2" failures="0" timestamp="2019-12-10T13:27:32 IST" time="28.735" errors="0">
  <testcase name="test" time="13.854" classname="TestNG.DataProviderTest"/>
  <testcase name="test" time="14.881" classname="TestNG.DataProviderTest"/>
</testsuite> <!-- TestNG.DataProviderTest -->
