<?xml version="1.0" encoding="UTF-8"?>
<!-- Generated by org.testng.reporters.JUnitReportReporter -->
<testsuite skipped="0" hostname="Vikas-PC" name="AutomationFramework.TestNGPrioritizing" tests="4" failures="0" timestamp="2019-10-01T17:33:29 IST" time="0.014" errors="0">
  <testcase name="dtest3" time="0.001" classname="AutomationFramework.TestNGPrioritizing"/>
  <testcase name="atest1" time="0.010" classname="AutomationFramework.TestNGPrioritizing"/>
  <testcase name="ctest4" time="0.001" classname="AutomationFramework.TestNGPrioritizing"/>
  <testcase name="btest2" time="0.002" classname="AutomationFramework.TestNGPrioritizing"/>
</testsuite> <!-- AutomationFramework.TestNGPrioritizing -->
