<?xml version="1.0" encoding="UTF-8"?>
<!-- Generated by org.testng.reporters.JUnitReportReporter -->
<testsuite skipped="0" hostname="Vikas-PC" name="AutomationFramework.Voting_functionality" tests="4" failures="0" timestamp="2020-01-23T17:56:06 IST" time="125.703" errors="0">
  <testcase name="check_votepopup_closebutton" time="31.116" classname="AutomationFramework.Voting_functionality"/>
  <testcase name="check_votepopup_socaillink" time="38.556" classname="AutomationFramework.Voting_functionality"/>
  <testcase name="post_argument_from_votepopup" time="27.858" classname="AutomationFramework.Voting_functionality"/>
  <testcase name="login" time="28.173" classname="AutomationFramework.Voting_functionality"/>
</testsuite> <!-- AutomationFramework.Voting_functionality -->
