<?xml version="1.0" encoding="UTF-8"?>
<!-- Generated by org.testng.reporters.JUnitReportReporter -->
<testsuite skipped="0" hostname="Vikas-PC" name="AutomationFramework.DebateShare" tests="4" failures="0" timestamp="2020-01-23T17:56:06 IST" time="128.915" errors="0">
  <testcase name="debate_share_on_twitter" time="24.592" classname="AutomationFramework.DebateShare"/>
  <testcase name="debate_share_on_FB" time="26.908" classname="AutomationFramework.DebateShare"/>
  <testcase name="login" time="49.634" classname="AutomationFramework.DebateShare"/>
  <testcase name="debate_share_on_linkedin" time="27.781" classname="AutomationFramework.DebateShare"/>
</testsuite> <!-- AutomationFramework.DebateShare -->
