<?xml version="1.0" encoding="UTF-8"?>
<!-- Generated by org.testng.reporters.JUnitReportReporter -->
<testsuite skipped="0" hostname="Vikas-PC" name="AutomationFramework.TestNG" tests="1" failures="0" timestamp="2019-09-17T18:02:47 IST" time="13.827" errors="0">
  <testcase name="main" time="13.827" classname="AutomationFramework.TestNG"/>
</testsuite> <!-- AutomationFramework.TestNG -->
