<?xml version="1.0" encoding="UTF-8"?>
<!-- Generated by org.testng.reporters.JUnitReportReporter -->
<testsuite skipped="0" hostname="Vikas-PC" name="AutomationFramework.Signup" tests="1" failures="0" timestamp="2020-01-23T17:56:06 IST" time="161.628" errors="0">
  <testcase name="main" time="161.628" classname="AutomationFramework.Signup"/>
</testsuite> <!-- AutomationFramework.Signup -->
