<?xml version="1.0" encoding="UTF-8"?>
<!-- Generated by org.testng.reporters.JUnitReportReporter -->
<testsuite skipped="0" hostname="Vikas-PC" name="Guru99.KeyboardEvents" tests="1" failures="0" timestamp="2019-11-29T17:18:14 IST" time="7.472" errors="0">
  <testcase name="test1" time="7.472" classname="Guru99.KeyboardEvents"/>
</testsuite> <!-- Guru99.KeyboardEvents -->
