<?xml version="1.0" encoding="UTF-8"?>
<!-- Generated by org.testng.reporters.JUnitReportReporter -->
<testsuite skipped="1" hostname="Vikas-PC" name="AutomationFramework.MyProfile" tests="4" failures="0" timestamp="2020-01-23T17:56:06 IST" time="160.809" errors="0">
  <testcase name="uploadprofile" time="70.693" classname="AutomationFramework.MyProfile"/>
  <testcase name="Loginuser" time="31.395" classname="AutomationFramework.MyProfile"/>
  <testcase name="uploadcoverimage" time="30.736" classname="AutomationFramework.MyProfile"/>
  <testcase name="Loginuser" time="27.985" classname="AutomationFramework.MyProfile">
    <skipped/>
  </testcase> <!-- Loginuser -->
</testsuite> <!-- AutomationFramework.MyProfile -->
