<?xml version="1.0" encoding="UTF-8"?>
<!-- Generated by org.testng.reporters.JUnitReportReporter -->
<testsuite skipped="0" hostname="Vikas-PC" name="AutomationFramework.AddArgumentandComments" tests="3" failures="0" timestamp="2020-01-23T17:56:06 IST" time="78.018" errors="0">
  <testcase name="login" time="31.054" classname="AutomationFramework.AddArgumentandComments"/>
  <testcase name="add_comment" time="8.564" classname="AutomationFramework.AddArgumentandComments"/>
  <testcase name="add_argument" time="38.400" classname="AutomationFramework.AddArgumentandComments"/>
</testsuite> <!-- AutomationFramework.AddArgumentandComments -->
