<?xml version="1.0" encoding="UTF-8"?>
<!-- Generated by org.testng.reporters.JUnitReportReporter -->
<testsuite skipped="0" hostname="Vikas-PC" name="AutomationFramework.Debate" tests="2" failures="0" timestamp="2020-01-23T17:56:06 IST" time="84.905" errors="0">
  <testcase name="create_debate" time="52.699" classname="AutomationFramework.Debate"/>
  <testcase name="login" time="32.206" classname="AutomationFramework.Debate"/>
</testsuite> <!-- AutomationFramework.Debate -->
